2024-09-07 20:56:56 Arduino IDE 2.3.2
2024-09-07 20:56:56 Checking for frontend application configuration customizations. Module path: /tmp/.mount_arduinFSJcD2/resources/app/lib/backend/electron-main.js, destination 'package.json': /tmp/.mount_arduinFSJcD2/resources/app/package.json
2024-09-07 20:56:56 Setting 'theia.frontend.config.appVersion' application configuration value to: "2.3.2" (type of string)
2024-09-07 20:56:56 Setting 'theia.frontend.config.cliVersion' application configuration value to: "0.35.3" (type of string)
2024-09-07 20:56:56 Setting 'theia.frontend.config.buildDate' application configuration value to: "2024-02-20T09:54:08.669Z" (type of string)
2024-09-07 20:56:56 Frontend application configuration after modifications: {"applicationName":"Arduino IDE","defaultTheme":{"light":"arduino-theme","dark":"arduino-theme-dark"},"defaultIconTheme":"none","electron":{"windowOptions":{}},"defaultLocale":"","validatePreferencesSchema":false,"preferences":{"window.title":"${rootName}${activeEditorShort}${appName}","files.autoSave":"afterDelay","editor.minimap.enabled":false,"editor.tabSize":2,"editor.scrollBeyondLastLine":false,"editor.quickSuggestions":{"other":false,"comments":false,"strings":false},"editor.maxTokenizationLineLength":500,"editor.bracketPairColorization.enabled":false,"breadcrumbs.enabled":false,"workbench.tree.renderIndentGuides":"none","explorer.compactFolders":false},"appVersion":"2.3.2","cliVersion":"0.35.3","buildDate":"2024-02-20T09:54:08.669Z"}
2024-09-07 20:56:56 Starting backend process. PID: 13610
2024-09-07 20:56:56 Using browser-only version of superagent in non-browser environment
2024-09-07 20:56:56 Configuration directory URI: 'file:///home/us3r/.arduinoIDE'
2024-09-07 20:56:56 Configuring to accept webviews on '^.+\.webview\..+$' hostname.
2024-09-07 20:56:56 2024-09-07T15:26:56.880Z root INFO Backend Object.initialize: 5.1 ms [Finished 0.345 s after backend start]
2024-09-07 20:56:56 2024-09-07T15:26:56.883Z root INFO Backend Object.configure: 4.1 ms [Finished 0.345 s after backend start]
2024-09-07 20:56:56 2024-09-07T15:26:56.883Z root INFO Backend s.onStart: 1.0 ms [Finished 0.345 s after backend start]
2024-09-07 20:56:56 2024-09-07T15:26:56.883Z root INFO Backend s.configure: 0.2 ms [Finished 0.361 s after backend start]
2024-09-07 20:56:56 2024-09-07T15:26:56.883Z root INFO Backend d.onStart: 0.1 ms [Finished 0.361 s after backend start]
2024-09-07 20:56:56 2024-09-07T15:26:56.884Z root INFO Backend d.configure: 0.1 ms [Finished 0.361 s after backend start]
2024-09-07 20:56:56 2024-09-07T15:26:56.884Z root INFO Backend d.initialize: 15.8 ms [Finished 0.361 s after backend start]
2024-09-07 20:56:56 2024-09-07T15:26:56.884Z root INFO Backend c.onStart: 0.2 ms [Finished 0.361 s after backend start]
2024-09-07 20:56:56 2024-09-07T15:26:56.885Z root INFO Backend a.configure: 3.4 ms [Finished 0.365 s after backend start]
2024-09-07 20:56:56 2024-09-07T15:26:56.885Z config INFO >>> Initializing CLI configuration...
2024-09-07 20:56:56 2024-09-07T15:26:56.885Z root INFO Backend c.initialize: 0.4 ms [Finished 0.365 s after backend start]
2024-09-07 20:56:56 2024-09-07T15:26:56.885Z root INFO Backend R.onStart: 0.5 ms [Finished 0.365 s after backend start]
2024-09-07 20:56:56 2024-09-07T15:26:56.886Z config INFO Loading CLI configuration from /home/us3r/.arduinoIDE/arduino-cli.yaml...
2024-09-07 20:56:56 2024-09-07T15:26:56.886Z daemon INFO Starting daemon from /tmp/.mount_arduinFSJcD2/resources/app/lib/backend/resources/arduino-cli...
2024-09-07 20:56:56 2024-09-07T15:26:56.886Z root INFO Backend a.initialize: 0.3 ms [Finished 0.366 s after backend start]
2024-09-07 20:56:56 2024-09-07T15:26:56.886Z root INFO Backend w.onStart: 0.5 ms [Finished 0.366 s after backend start]
2024-09-07 20:56:56 2024-09-07T15:26:56.886Z root INFO Backend r.configure: 0.9 ms [Finished 0.366 s after backend start]
2024-09-07 20:56:56 2024-09-07T15:26:56.886Z discovery-log INFO start
2024-09-07 20:56:56 2024-09-07T15:26:56.886Z discovery-log INFO start new deferred
2024-09-07 20:56:56 2024-09-07T15:26:56.886Z root INFO Backend d.initialize: 0.2 ms [Finished 0.366 s after backend start]
2024-09-07 20:56:56 2024-09-07T15:26:56.886Z root INFO Backend y.onStart: 1.0 ms [Finished 0.367 s after backend start]
2024-09-07 20:56:56 2024-09-07T15:26:56.886Z root INFO Backend r.configure: 0.9 ms [Finished 0.367 s after backend start]
2024-09-07 20:56:56 2024-09-07T15:26:56.886Z root INFO Backend a.onStart: 0.3 ms [Finished 0.368 s after backend start]
2024-09-07 20:56:56 2024-09-07T15:26:56.886Z root INFO Backend h.configure: 0.2 ms [Finished 0.368 s after backend start]
2024-09-07 20:56:56 2024-09-07T15:26:56.886Z root INFO Backend s.configure: 0.1 ms [Finished 0.368 s after backend start]
2024-09-07 20:56:56 2024-09-07T15:26:56.886Z root INFO Backend l.configure: 0.0 ms [Finished 0.368 s after backend start]
2024-09-07 20:56:56 2024-09-07T15:26:56.888Z root INFO Theia app listening on http://127.0.0.1:37779.
2024-09-07 20:56:56 2024-09-07T15:26:56.888Z root INFO Finished starting backend application: 1.4 ms [Finished 0.369 s after backend start]
2024-09-07 20:56:56 2024-09-07T15:26:56.901Z root WARN The local plugin referenced by local-dir:/home/us3r/.arduinoIDE/plugins does not exist.
2024-09-07 20:56:56 2024-09-07T15:26:56.901Z root WARN The local plugin referenced by local-dir:/home/us3r/.arduinoIDE/extensions does not exist.
2024-09-07 20:56:57 2024-09-07T15:26:57.113Z root INFO Resolve plugins list: 227.3 ms [Finished 0.595 s after backend start]
2024-09-07 20:56:57 2024-09-07T15:26:57.214Z daemon INFO time="2024-09-07T20:56:57+05:30" level=info msg="Config file not found, using default values"
time="2024-09-07T20:56:57+05:30" level=info msg="arduino-cli version 0.35.3"
time="2024-09-07T20:56:57+05:30" level=info msg="Executing `arduino-cli daemon`"
2024-09-07 20:56:57 2024-09-07T15:26:57.222Z config INFO Loading CLI configuration from /home/us3r/.arduinoIDE/arduino-cli.yaml...
2024-09-07 20:56:57 2024-09-07T15:26:57.229Z daemon INFO Daemon is now listening on 127.0.0.1:40705
{"IP":"127.0.0.1","Port":"40705"}
2024-09-07 20:56:57 2024-09-07T15:26:57.229Z daemon INFO Daemon is running.
2024-09-07 20:56:57 2024-09-07T15:26:57.261Z config INFO Loaded CLI configuration: {"board_manager":{"additional_urls":[]},"build_cache":{"compilations_before_purge":10,"ttl":"720h0m0s"},"daemon":{"port":"50051"},"directories":{"data":"/home/us3r/.arduino15","downloads":"/home/us3r/.arduino15/staging","user":"/home/us3r/Arduino"},"library":{"enable_unsafe_install":false},"logging":{"file":"","format":"text","level":"info"},"metrics":{"addr":":9090","enabled":true},"output":{"no_color":false},"sketch":{"always_export_binaries":false},"updater":{"enable_notification":true}}
2024-09-07 20:56:57 2024-09-07T15:26:57.261Z config INFO 'directories.data' and 'directories.user' are set in the CLI configuration model.
2024-09-07 20:56:57 2024-09-07T15:26:57.261Z config INFO Loaded the CLI configuration.
2024-09-07 20:56:57 2024-09-07T15:26:57.281Z config INFO Mapped the CLI configuration: {"dataDirUri":"file:///home/us3r/.arduino15","sketchDirUri":"file:///home/us3r/Arduino","additionalUrls":[],"network":"none","locale":"en"}
2024-09-07 20:56:57 2024-09-07T15:26:57.281Z config INFO Validating the CLI configuration...
2024-09-07 20:56:57 2024-09-07T15:26:57.281Z config INFO The CLI config is valid.
2024-09-07 20:56:57 2024-09-07T15:26:57.281Z config INFO <<< Initialized the CLI configuration.
2024-09-07 20:56:57 2024-09-07T15:26:57.283Z daemon INFO time="2024-09-07T20:56:57+05:30" level=info msg="Updating libraries index"
2024-09-07 20:56:57 2024-09-07T15:26:57.286Z daemon INFO time="2024-09-07T20:56:57+05:30" level=info msg="Starting download" url="https://downloads.arduino.cc/libraries/library_index.tar.bz2"
2024-09-07 20:56:57 2024-09-07T15:26:57.882Z root INFO Deploy plugins list: 227.3 ms [Finished 1.363 s after backend start]
2024-09-07 20:56:58 2024-09-07T15:26:58.941Z daemon INFO time="2024-09-07T20:56:58+05:30" level=info msg="Updating index" url="https://downloads.arduino.cc/packages/package_index.tar.bz2"
time="2024-09-07T20:56:58+05:30" level=info msg="Starting download" url="https://downloads.arduino.cc/packages/package_index.tar.bz2"
2024-09-07 20:56:59 Opening channel for service path '/services/electron-window'.
2024-09-07 20:56:59 Opening channel for service path '/services/ide-updater'.
2024-09-07 20:56:59 2024-09-07T15:26:59.407Z root WARN Frontend a.configure took longer than the expected maximum 100 milliseconds: 181.5 ms [Finished 2.189 s after frontend start]
2024-09-07 20:56:59 2024-09-07T15:26:59.410Z root WARN A command editor.action.toggleStickyScroll is already registered.
2024-09-07 20:56:59 2024-09-07T15:26:59.619Z daemon INFO time="2024-09-07T20:56:59+05:30" level=info msg="Checking signature" index=/home/us3r/.arduino15/package_index.json signatureFile=/home/us3r/.arduino15/package_index.json.sig trusted=true
2024-09-07 20:56:59 2024-09-07T15:26:59.619Z daemon INFO time="2024-09-07T20:56:59+05:30" level=info msg="Loading hardware from: /home/us3r/.arduino15/packages"
2024-09-07 20:56:59 2024-09-07T15:26:59.619Z daemon INFO time="2024-09-07T20:56:59+05:30" level=info msg="Starting download" url="https://downloads.arduino.cc/discovery/mdns-discovery/mdns-discovery_v1.0.9_Linux_64bit.tar.gz"
2024-09-07 20:57:00 2024-09-07T15:27:00.081Z daemon INFO time="2024-09-07T20:57:00+05:30" level=info msg="Installing tool" Tool="builtin:mdns-discovery@1.0.9"
2024-09-07 20:57:00 2024-09-07T15:27:00.112Z daemon INFO time="2024-09-07T20:57:00+05:30" level=info msg="Skipping tool configuration." Tool="builtin:mdns-discovery@1.0.9"
time="2024-09-07T20:57:00+05:30" level=info msg="Tool installed" Tool="builtin:mdns-discovery@1.0.9"
2024-09-07 20:57:00 2024-09-07T15:27:00.112Z daemon INFO time="2024-09-07T20:57:00+05:30" level=info msg="Starting download" url="https://downloads.arduino.cc/discovery/serial-discovery/serial-discovery_v1.4.1_Linux_64bit.tar.gz"
2024-09-07 20:57:00 2024-09-07T15:27:00.460Z daemon INFO time="2024-09-07T20:57:00+05:30" level=info msg="Installing tool" Tool="builtin:serial-discovery@1.4.1"
2024-09-07 20:57:00 2024-09-07T15:27:00.482Z daemon INFO time="2024-09-07T20:57:00+05:30" level=info msg="Skipping tool configuration." Tool="builtin:serial-discovery@1.4.1"
time="2024-09-07T20:57:00+05:30" level=info msg="Tool installed" Tool="builtin:serial-discovery@1.4.1"
time="2024-09-07T20:57:00+05:30" level=info msg="Starting download" url="https://downloads.arduino.cc/monitor/serial-monitor/serial-monitor_v0.14.1_Linux_64bit.tar.gz"
2024-09-07 20:57:00 2024-09-07T15:27:00.890Z daemon INFO time="2024-09-07T20:57:00+05:30" level=info msg="Installing tool" Tool="builtin:serial-monitor@0.14.1"
2024-09-07 20:57:00 2024-09-07T15:27:00.920Z daemon INFO time="2024-09-07T20:57:00+05:30" level=info msg="Skipping tool configuration." Tool="builtin:serial-monitor@0.14.1"
time="2024-09-07T20:57:00+05:30" level=info msg="Tool installed" Tool="builtin:serial-monitor@0.14.1"
2024-09-07 20:57:00 2024-09-07T15:27:00.921Z daemon INFO time="2024-09-07T20:57:00+05:30" level=info msg="Starting download" url="https://downloads.arduino.cc/tools/ctags-5.8-arduino11-pm-x86_64-pc-linux-gnu.tar.bz2"
2024-09-07 20:57:01 2024-09-07T15:27:01.169Z daemon INFO time="2024-09-07T20:57:01+05:30" level=info msg="Installing tool" Tool="builtin:ctags@5.8-arduino11"
2024-09-07 20:57:01 2024-09-07T15:27:01.189Z daemon INFO time="2024-09-07T20:57:01+05:30" level=info msg="Skipping tool configuration." Tool="builtin:ctags@5.8-arduino11"
time="2024-09-07T20:57:01+05:30" level=info msg="Tool installed" Tool="builtin:ctags@5.8-arduino11"
time="2024-09-07T20:57:01+05:30" level=info msg="Starting download" url="https://downloads.arduino.cc/discovery/dfu-discovery/dfu-discovery_v0.1.2_Linux_64bit.tar.gz"
2024-09-07 20:57:01 2024-09-07T15:27:01.706Z daemon INFO time="2024-09-07T20:57:01+05:30" level=info msg="Installing tool" Tool="builtin:dfu-discovery@0.1.2"
2024-09-07 20:57:01 2024-09-07T15:27:01.730Z daemon INFO time="2024-09-07T20:57:01+05:30" level=info msg="Skipping tool configuration." Tool="builtin:dfu-discovery@0.1.2"
time="2024-09-07T20:57:01+05:30" level=info msg="Tool installed" Tool="builtin:dfu-discovery@0.1.2"
2024-09-07 20:57:01 2024-09-07T15:27:01.730Z daemon INFO time="2024-09-07T20:57:01+05:30" level=info msg="Loading tools from dir: /home/us3r/.arduino15/packages/builtin/tools"
time="2024-09-07T20:57:01+05:30" level=info msg="Loaded tool" tool="builtin:ctags@5.8-arduino11"
time="2024-09-07T20:57:01+05:30" level=info msg="Loaded tool" tool="builtin:dfu-discovery@0.1.2"
time="2024-09-07T20:57:01+05:30" level=info msg="Loaded tool" tool="builtin:mdns-discovery@1.0.9"
time="2024-09-07T20:57:01+05:30" level=info msg="Loaded tool" tool="builtin:serial-discovery@1.4.1"
time="2024-09-07T20:57:01+05:30" level=info msg="Loaded tool" tool="builtin:serial-monitor@0.14.1"
2024-09-07 20:57:01 2024-09-07T15:27:01.731Z daemon INFO time="2024-09-07T20:57:01+05:30" level=info msg="Loading libraries index file" index=/home/us3r/.arduino15/library_index.json
2024-09-07 20:57:01 2024-09-07T15:27:01.847Z daemon INFO time="2024-09-07T20:57:01+05:30" level=info msg="Adding libraries dir" dir=/home/us3r/.arduino15/libraries location=ide
2024-09-07 20:57:01 2024-09-07T15:27:01.847Z daemon INFO time="2024-09-07T20:57:01+05:30" level=info msg="Adding libraries dir" dir=/home/us3r/Arduino/libraries location=user
2024-09-07 20:57:01 2024-09-07T15:27:01.849Z discovery-log INFO start resolved watching
2024-09-07 20:57:01 2024-09-07T15:27:01.851Z daemon INFO time="2024-09-07T20:57:01+05:30" level=info msg="starting discovery builtin:mdns-discovery process"
time="2024-09-07T20:57:01+05:30" level=info msg="starting discovery builtin:serial-discovery process"
time="2024-09-07T20:57:01+05:30" level=info msg="started discovery builtin:mdns-discovery process"
time="2024-09-07T20:57:01+05:30" level=info msg="sending command HELLO 1 \"arduino-cli 0.35.3\" to discovery builtin:mdns-discovery"
time="2024-09-07T20:57:01+05:30" level=info msg="started discovery builtin:serial-discovery process"
time="2024-09-07T20:57:01+05:30" level=info msg="sending command HELLO 1 \"arduino-cli 0.35.3\" to discovery builtin:serial-discovery"
2024-09-07 20:57:01 2024-09-07T15:27:01.851Z daemon INFO time="2024-09-07T20:57:01+05:30" level=info msg="from discovery builtin:serial-discovery received message type: hello, message: OK, protocol version: 1"
time="2024-09-07T20:57:01+05:30" level=info msg="sending command START_SYNC to discovery builtin:serial-discovery"
2024-09-07 20:57:01 2024-09-07T15:27:01.851Z daemon INFO time="2024-09-07T20:57:01+05:30" level=info msg="from discovery builtin:mdns-discovery received message type: hello, message: OK, protocol version: 1"
2024-09-07 20:57:01 2024-09-07T15:27:01.851Z daemon INFO time="2024-09-07T20:57:01+05:30" level=info msg="sending command START_SYNC to discovery builtin:mdns-discovery"
2024-09-07 20:57:01 2024-09-07T15:27:01.852Z daemon INFO time="2024-09-07T20:57:01+05:30" level=info msg="from discovery builtin:mdns-discovery received message type: start_sync, message: OK"
time="2024-09-07T20:57:01+05:30" level=info msg="from discovery builtin:serial-discovery received message type: start_sync, message: OK"
2024-09-07 20:57:01 2024-09-07T15:27:01.861Z root WARN Frontend c.onStart took longer than the expected maximum 100 milliseconds: 2395.2 ms [Finished 4.659 s after frontend start]
2024-09-07 20:57:01 2024-09-07T15:27:01.878Z root INFO Start frontend contributions: 2708.4 ms [Finished 4.664 s after frontend start]
2024-09-07 20:57:01 2024-09-07T15:27:01.878Z root INFO Changed application state from 'init' to 'started_contributions'.
2024-09-07 20:57:01 2024-09-07T15:27:01.882Z root INFO Changed application state from 'started_contributions' to 'attached_shell'.
2024-09-07 20:57:01 2024-09-07T15:27:01.883Z root INFO >>> Restoring the layout state...
2024-09-07 20:57:01 2024-09-07T15:27:01.883Z root INFO <<< Nothing to restore.
2024-09-07 20:57:01 2024-09-07T15:27:01.900Z root INFO Initialize the workbench layout: 13.1 ms [Finished 4.694 s after frontend start]
2024-09-07 20:57:01 2024-09-07T15:27:01.910Z root INFO Changed application state from 'attached_shell' to 'initialized_layout'.
2024-09-07 20:57:01 2024-09-07T15:27:01.933Z root INFO [54eadb50-5a22-4682-97ad-91f81545e854] Waiting for backend deployment: 70.2 ms [Finished 4.731 s after frontend start]
2024-09-07 20:57:02 2024-09-07T15:27:02.219Z root ERROR Request initAuthSession failed with error: The name is not activatable Error: The name is not activatable
2024-09-07 20:57:02 2024-09-07T15:27:02.222Z root INFO [hosted-plugin: 13732] PLUGIN_HOST(13732) starting instance
2024-09-07 20:57:02 2024-09-07T15:27:02.565Z root INFO [54eadb50-5a22-4682-97ad-91f81545e854] Sync of 23 plugins: 614.3 ms [Finished 5.345 s after frontend start]
2024-09-07 20:57:02 2024-09-07T15:27:02.566Z root INFO [54eadb50-5a22-4682-97ad-91f81545e854] Loading plugin contributions
2024-09-07 20:57:02 2024-09-07T15:27:02.566Z root INFO [54eadb50-5a22-4682-97ad-91f81545e854] Load contributions of 23 plugins: 17.3 ms [Finished 5.363 s after frontend start]
2024-09-07 20:57:02 2024-09-07T15:27:02.644Z root WARN 'cpp' language is remapped from 'source.cpp.embedded.macro' to 'source.cpp' scope
2024-09-07 20:57:02 2024-09-07T15:27:02.644Z root WARN a registered grammar configuration for 'cpp' language is overridden
2024-09-07 20:57:02 Checking for update
2024-09-07 20:57:02 Generated new staging user ID: a16f6b27-b8c7-54f1-9d27-1f8b530658e9
2024-09-07 20:57:02 2024-09-07T15:27:02.947Z root INFO Replace loading indicator with ready workbench UI (animation): 931.4 ms [Finished 5.640 s after frontend start]
2024-09-07 20:57:02 2024-09-07T15:27:02.947Z root INFO Changed application state from 'initialized_layout' to 'ready'.
2024-09-07 20:57:02 2024-09-07T15:27:02.947Z root WARN Linked preference "workbench.colorCustomizations" not found.
2024-09-07 20:57:02 2024-09-07T15:27:02.948Z root INFO Frontend application start: 3543.2 ms [Finished 6.410 s after backend start]
2024-09-07 20:57:02 2024-09-07T15:27:02.983Z root INFO core-client-provider [platform-index] Downloading index: package_index.tar.bz2

2024-09-07 20:57:02 2024-09-07T15:27:02.983Z root INFO core-client-provider [library-index] Downloading index: library_index.tar.bz2

2024-09-07 20:57:02 2024-09-07T15:27:02.984Z daemon INFO time="2024-09-07T20:57:02+05:30" level=info msg="Updating libraries index"
time="2024-09-07T20:57:02+05:30" level=info msg="Updating index" url="https://downloads.arduino.cc/packages/package_index.tar.bz2"
time="2024-09-07T20:57:02+05:30" level=info msg="Starting download" url="https://downloads.arduino.cc/libraries/library_index.tar.bz2"
time="2024-09-07T20:57:02+05:30" level=info msg="Starting download" url="https://downloads.arduino.cc/packages/package_index.tar.bz2"
2024-09-07 20:57:03 2024-09-07T15:27:03.176Z root ERROR ---- !!!SLOW!!! DURATION: search took 226.476 ms. Args: [{"type":"Updatable"}] ----
2024-09-07 20:57:03 2024-09-07T15:27:03.177Z root ERROR ---- !!!SLOW!!! DURATION: search took 174.319 ms. Args: [{"query":"Arduino_BuiltIn"}] ----
2024-09-07 20:57:03 2024-09-07T15:27:03.177Z root ERROR [hosted-plugin: 13732] Conflict in settings file Default: Ignoring cortex-debug.armToolchainPath.linux as cortex-debug.armToolchainPath is null
Conflict in settings file Default: Ignoring cortex-debug.armToolchainPath.osx as cortex-debug.armToolchainPath is null
Conflict in settings file Default: Ignoring cortex-debug.armToolchainPath.windows as cortex-debug.armToolchainPath is null
Conflict in settings file Default: Ignoring cortex-debug.JLinkGDBServerPath.linux as cortex-debug.JLinkGDBServerPath is null
Conflict in settings file Default: Ignoring cortex-debug.JLinkGDBServerPath.osx as cortex-debug.JLinkGDBServerPath is null
Conflict in settings file Default: Ignoring cortex-debug.JLinkGDBServerPath.windows as cortex-debug.JLinkGDBServerPath is null
Conflict in settings file Default: Ignoring cortex-debug.openocdPath.linux as cortex-debug.openocdPath is null
Conflict in settings file Default: Ignoring cortex-debug.openocdPath.osx as cortex-debug.openocdPath is null
Conflict in settings file Default: Ignoring cortex-debug.openocdPath.windows as cortex-debug.openocdPath is null
Conflict in settings file Default: Ignoring cortex-debug.pyocdPath.linux as cortex-debug.pyocdPath is null
Conflict in settings file Default: Ignoring cortex-debug.pyocdPath.osx as cortex-debug.pyocdPath is null
Conflict in settings file Default: Ignoring cortex-debug.pyocdPath.windows as cortex-debug.pyocdPath is null
Conflict in settings file Default: Ignoring cortex-debug.PEGDBServerPath.linux as cortex-debug.PEGDBServerPath is null
Conflict in settings file Default: Ignoring cortex-debug.PEGDBServerPath.osx as cortex-debug.PEGDBServerPath is null
Conflict in settings file Default: Ignoring cortex-debug.PEGDBServerPath.windows as cortex-debug.PEGDBServerPath is null
Conflict in settings file Default: Ignoring cortex-debug.stutilPath.linux as cortex-debug.stutilPath is null
Conflict in settings file Default: Ignoring cortex-debug.stutilPath.osx as cortex-debug.stutilPath is null
Conflict in settings file Default: Ignoring cortex-debug.stutilPath.windows as cortex-debug.stutilPath is null
Conflict in settings file Default: Ignoring cortex-debug.stlinkPath.linux as cortex-debug.stlinkPath is null
Conflict in settings file Default: Ignoring cortex-debug.stlinkPath.osx as cortex-debug.stlinkPath is null
Conflict in settings file Default: Ignoring cortex-debug.stlinkPath.windows as cortex-debug.stlinkPath is null
Conflict in settings file Default: Ignoring cortex-debug.stm32cubeprogrammer.linux as cortex-debug.stm32cubeprogrammer is null
Conflict in settings file Default: Ignoring cortex-debug.stm32cubeprogrammer.osx as cortex-debug.stm32cubeprogrammer is null
Conflict in settings file Default: Ignoring cortex-debug.stm32cubeprogrammer.windows as cortex-debug.stm32cubeprogrammer is null
2024-09-07 20:57:03 2024-09-07T15:27:03.179Z root INFO >>> Starting boards package installation... {
  id: 'arduino:avr',
  name: 'Arduino AVR Boards',
  author: 'Arduino',
  availableVersions: [
    '1.8.6',  '1.8.5',  '1.8.4',
    '1.8.3',  '1.8.2',  '1.8.1',
    '1.6.23', '1.6.22', '1.6.21',
    '1.6.20', '1.6.19', '1.6.18',
    '1.6.17', '1.6.16', '1.6.15',
    '1.6.14', '1.6.13', '1.6.12',
    '1.6.11', '1.6.10', '1.6.9',
    '1.6.8',  '1.6.7',  '1.6.6',
    '1.6.5',  '1.6.4',  '1.6.3',
    '1.6.2'
  ],
  description: 'Arduino Yún, Arduino UNO, Arduino UNO Mini, Arduino UNO WiFi, Arduino Diecimila, Arduino Nano, Arduino Mega, Arduino Mega ADK, Arduino Leonardo, Arduino Leonardo Ethernet, Arduino Micro, Arduino Esplora, Arduino Mini, Arduino Ethernet, Arduino Fio, Arduino BT, Arduino LilyPad USB, Arduino LilyPad, Arduino Pro, Arduino ATMegaNG, Arduino Robot Control, Arduino Robot Motor, Arduino Gemma, Adafruit Circuit Playground, Arduino Yún Mini, Arduino Industrial 101, Linino One',
  types: [ 'Arduino' ],
  deprecated: false,
  summary: 'Boards included in this package:',
  installedVersion: undefined,
  boards: [
    { name: 'Arduino Yún', fqbn: '' },
    { name: 'Arduino UNO', fqbn: '' },
    { name: 'Arduino UNO Mini', fqbn: '' },
    { name: 'Arduino UNO WiFi', fqbn: '' },
    { name: 'Arduino Diecimila', fqbn: '' },
    { name: 'Arduino Nano', fqbn: '' },
    { name: 'Arduino Mega', fqbn: '' },
    { name: 'Arduino Mega ADK', fqbn: '' },
    { name: 'Arduino Leonardo', fqbn: '' },
    { name: 'Arduino Leonardo Ethernet', fqbn: '' },
    { name: 'Arduino Micro', fqbn: '' },
    { name: 'Arduino Esplora', fqbn: '' },
    { name: 'Arduino Mini', fqbn: '' },
    { name: 'Arduino Ethernet', fqbn: '' },
    { name: 'Arduino Fio', fqbn: '' },
    { name: 'Arduino BT', fqbn: '' },
    { name: 'Arduino LilyPad USB', fqbn: '' },
    { name: 'Arduino LilyPad', fqbn: '' },
    { name: 'Arduino Pro', fqbn: '' },
    { name: 'Arduino ATMegaNG', fqbn: '' },
    { name: 'Arduino Robot Control', fqbn: '' },
    { name: 'Arduino Robot Motor', fqbn: '' },
    { name: 'Arduino Gemma', fqbn: '' },
    { name: 'Adafruit Circuit Playground', fqbn: '' },
    { name: 'Arduino Yún Mini', fqbn: '' },
    { name: 'Arduino Industrial 101', fqbn: '' },
    { name: 'Linino One', fqbn: '' }
  ],
  moreInfoLink: 'http://www.arduino.cc/',
  index: 0
}
2024-09-07 20:57:03 2024-09-07T15:27:03.179Z discovery-log INFO stop
2024-09-07 20:57:03 2024-09-07T15:27:03.179Z discovery-log INFO >>> Stopping boards watcher...
2024-09-07 20:57:03 2024-09-07T15:27:03.179Z discovery-log INFO Canceling boards watcher...
2024-09-07 20:57:03 2024-09-07T15:27:03.179Z discovery-log INFO disposing requesting cancel
2024-09-07 20:57:03 2024-09-07T15:27:03.179Z discovery-log INFO disposing canceled
2024-09-07 20:57:03 2024-09-07T15:27:03.180Z discovery-log INFO error received
2024-09-07 20:57:03 2024-09-07T15:27:03.180Z discovery-log INFO cancel error received!
2024-09-07 20:57:03 2024-09-07T15:27:03.180Z discovery-log INFO stop received event: either end or cancel
2024-09-07 20:57:03 2024-09-07T15:27:03.180Z discovery-log INFO stop stopped
2024-09-07 20:57:03 2024-09-07T15:27:03.180Z discovery-log INFO received end
2024-09-07 20:57:03 2024-09-07T15:27:03.181Z daemon INFO time="2024-09-07T20:57:03+05:30" level=info msg="Starting download" url="http://downloads.arduino.cc/tools/arduinoOTA-1.3.0-linux_amd64.tar.bz2"
2024-09-07 20:57:03 2024-09-07T15:27:03.182Z root INFO [hosted-plugin: 13732] PLUGIN_HOST(13732): PluginManagerExtImpl/init()
2024-09-07 20:57:03 2024-09-07T15:27:03.183Z root INFO [hosted-plugin: 13732] PLUGIN_HOST(13732): initializing(vscode-arduino-api@0.1.2 with /tmp/.mount_arduinFSJcD2/resources/app/lib/backend/plugin-vscode-init)
2024-09-07 20:57:03 2024-09-07T15:27:03.225Z root INFO [hosted-plugin: 13732] PLUGIN_HOST(13732): initializing(cortex-debug@1.5.1 with /tmp/.mount_arduinFSJcD2/resources/app/lib/backend/plugin-vscode-init)
2024-09-07 20:57:03 2024-09-07T15:27:03.225Z root INFO [hosted-plugin: 13732] Debugger contribution has been registered: cortex-debug
2024-09-07 20:57:03 2024-09-07T15:27:03.226Z root INFO [hosted-plugin: 13732] PLUGIN_HOST(13732): initializing(vscode-arduino-tools@0.1.3 with /tmp/.mount_arduinFSJcD2/resources/app/lib/backend/plugin-vscode-init)
2024-09-07 20:57:03 2024-09-07T15:27:03.226Z root INFO [hosted-plugin: 13732] PLUGIN_HOST(13732): initializing(cpp@1.52.1 with /tmp/.mount_arduinFSJcD2/resources/app/lib/backend/plugin-vscode-init)
2024-09-07 20:57:03 2024-09-07T15:27:03.227Z root INFO [hosted-plugin: 13732] PLUGIN_HOST(13732): initializing(json@1.46.1 with /tmp/.mount_arduinFSJcD2/resources/app/lib/backend/plugin-vscode-init)
2024-09-07 20:57:03 2024-09-07T15:27:03.228Z root INFO [hosted-plugin: 13732] PLUGIN_HOST(13732): initializing(json-language-features@1.46.1 with /tmp/.mount_arduinFSJcD2/resources/app/lib/backend/plugin-vscode-init)
2024-09-07 20:57:03 2024-09-07T15:27:03.229Z root INFO [hosted-plugin: 13732] PLUGIN_HOST(13732): initializing(vscode-language-pack-bg@1.48.3 with /tmp/.mount_arduinFSJcD2/resources/app/lib/backend/plugin-vscode-init)
2024-09-07 20:57:03 2024-09-07T15:27:03.229Z root INFO [hosted-plugin: 13732] PLUGIN_HOST(13732): initializing(vscode-language-pack-cs@1.80.0 with /tmp/.mount_arduinFSJcD2/resources/app/lib/backend/plugin-vscode-init)
2024-09-07 20:57:03 2024-09-07T15:27:03.230Z root INFO [hosted-plugin: 13732] PLUGIN_HOST(13732): initializing(vscode-language-pack-de@1.80.0 with /tmp/.mount_arduinFSJcD2/resources/app/lib/backend/plugin-vscode-init)
2024-09-07 20:57:03 2024-09-07T15:27:03.230Z root INFO [hosted-plugin: 13732] PLUGIN_HOST(13732): initializing(vscode-language-pack-es@1.80.0 with /tmp/.mount_arduinFSJcD2/resources/app/lib/backend/plugin-vscode-init)
2024-09-07 20:57:03 2024-09-07T15:27:03.231Z root INFO [hosted-plugin: 13732] PLUGIN_HOST(13732): initializing(vscode-language-pack-fr@1.80.0 with /tmp/.mount_arduinFSJcD2/resources/app/lib/backend/plugin-vscode-init)
2024-09-07 20:57:03 2024-09-07T15:27:03.232Z root INFO [hosted-plugin: 13732] PLUGIN_HOST(13732): initializing(vscode-language-pack-hu@1.48.3 with /tmp/.mount_arduinFSJcD2/resources/app/lib/backend/plugin-vscode-init)
2024-09-07 20:57:03 2024-09-07T15:27:03.232Z root INFO [hosted-plugin: 13732] PLUGIN_HOST(13732): initializing(vscode-language-pack-it@1.80.0 with /tmp/.mount_arduinFSJcD2/resources/app/lib/backend/plugin-vscode-init)
2024-09-07 20:57:03 2024-09-07T15:27:03.232Z root INFO [hosted-plugin: 13732] PLUGIN_HOST(13732): initializing(vscode-language-pack-ja@1.80.0 with /tmp/.mount_arduinFSJcD2/resources/app/lib/backend/plugin-vscode-init)
2024-09-07 20:57:03 2024-09-07T15:27:03.233Z root INFO [hosted-plugin: 13732] PLUGIN_HOST(13732): initializing(vscode-language-pack-ko@1.80.0 with /tmp/.mount_arduinFSJcD2/resources/app/lib/backend/plugin-vscode-init)
2024-09-07 20:57:03 2024-09-07T15:27:03.233Z root INFO [hosted-plugin: 13732] PLUGIN_HOST(13732): initializing(vscode-language-pack-nl@1.48.3 with /tmp/.mount_arduinFSJcD2/resources/app/lib/backend/plugin-vscode-init)
2024-09-07 20:57:03 2024-09-07T15:27:03.233Z root INFO [hosted-plugin: 13732] PLUGIN_HOST(13732): initializing(vscode-language-pack-pl@1.80.0 with /tmp/.mount_arduinFSJcD2/resources/app/lib/backend/plugin-vscode-init)
2024-09-07 20:57:03 2024-09-07T15:27:03.233Z root INFO [hosted-plugin: 13732] PLUGIN_HOST(13732): initializing(vscode-language-pack-pt-BR@1.80.0 with /tmp/.mount_arduinFSJcD2/resources/app/lib/backend/plugin-vscode-init)
2024-09-07 20:57:03 2024-09-07T15:27:03.234Z root INFO [hosted-plugin: 13732] PLUGIN_HOST(13732): initializing(vscode-language-pack-ru@1.80.0 with /tmp/.mount_arduinFSJcD2/resources/app/lib/backend/plugin-vscode-init)
2024-09-07 20:57:03 2024-09-07T15:27:03.234Z root INFO [hosted-plugin: 13732] PLUGIN_HOST(13732): initializing(vscode-language-pack-tr@1.80.0 with /tmp/.mount_arduinFSJcD2/resources/app/lib/backend/plugin-vscode-init)
2024-09-07 20:57:03 2024-09-07T15:27:03.234Z root INFO [hosted-plugin: 13732] PLUGIN_HOST(13732): initializing(vscode-language-pack-uk@1.48.3 with /tmp/.mount_arduinFSJcD2/resources/app/lib/backend/plugin-vscode-init)
2024-09-07 20:57:03 2024-09-07T15:27:03.234Z root INFO [hosted-plugin: 13732] PLUGIN_HOST(13732): initializing(vscode-language-pack-zh-hans@1.80.0 with /tmp/.mount_arduinFSJcD2/resources/app/lib/backend/plugin-vscode-init)
2024-09-07 20:57:03 2024-09-07T15:27:03.235Z root INFO [hosted-plugin: 13732] PLUGIN_HOST(13732): initializing(vscode-language-pack-zh-hant@1.80.0 with /tmp/.mount_arduinFSJcD2/resources/app/lib/backend/plugin-vscode-init)
2024-09-07 20:57:03 2024-09-07T15:27:03.274Z root INFO [hosted-plugin: 13732] PLUGIN_HOST(13732): PluginManagerExtImpl/loadPlugin(/tmp/.mount_arduinFSJcD2/resources/app/plugins/vscode-arduino-api/extension/dist/extension.js)
2024-09-07 20:57:03 2024-09-07T15:27:03.277Z root INFO [hosted-plugin: 13732] calling activation function on Arduino IDE API for VS Code extensions
2024-09-07 20:57:03 2024-09-07T15:27:03.279Z root INFO [hosted-plugin: 13732] PLUGIN_HOST(13732): PluginManagerExtImpl/loadPlugin(/tmp/.mount_arduinFSJcD2/resources/app/plugins/vscode-builtin-json-language-features/extension/client/dist/jsonMain)
2024-09-07 20:57:03 2024-09-07T15:27:03.299Z root INFO [hosted-plugin: 13732] calling activation function on JSON Language Features (built-in)
2024-09-07 20:57:03 2024-09-07T15:27:03.301Z root INFO [54eadb50-5a22-4682-97ad-91f81545e854] Starting plugins.
2024-09-07 20:57:03 2024-09-07T15:27:03.315Z root INFO [hosted-plugin: 13732] PLUGIN_HOST(13732): PluginManagerExtImpl/loadPlugin(/tmp/.mount_arduinFSJcD2/resources/app/plugins/cortex-debug/extension/dist/extension.js)
2024-09-07 20:57:03 2024-09-07T15:27:03.335Z root INFO [hosted-plugin: 13732] Debug configuration provider has been registered: cortex-debug, trigger: 1
2024-09-07 20:57:03 2024-09-07T15:27:03.335Z root INFO [hosted-plugin: 13732] calling activation function on Cortex-Debug
2024-09-07 20:57:03 2024-09-07T15:27:03.337Z root INFO [hosted-plugin: 13732] GDB server console created
2024-09-07 20:57:03 2024-09-07T15:27:03.340Z root INFO [54eadb50-5a22-4682-97ad-91f81545e854] Start of 23 plugins: 767.2 ms [Finished 6.138 s after frontend start]
2024-09-07 20:57:04 2024-09-07T15:27:04.094Z daemon INFO time="2024-09-07T20:57:04+05:30" level=info msg="Starting download" url="http://downloads.arduino.cc/tools/avr-gcc-7.3.0-atmel3.6.1-arduino7-x86_64-pc-linux-gnu.tar.bz2"
2024-09-07 20:57:04 Update for version 2.3.2 is not available (latest version: 2.3.2, downgrade is allowed).
2024-09-07 20:57:04 2024-09-07T15:27:04.507Z daemon INFO time="2024-09-07T20:57:04+05:30" level=info msg="Checking signature" index=/home/us3r/.arduino15/package_index.json signatureFile=/home/us3r/.arduino15/package_index.json.sig trusted=true
2024-09-07 20:57:04 2024-09-07T15:27:04.507Z daemon INFO time="2024-09-07T20:57:04+05:30" level=info msg="Loading hardware from: /home/us3r/.arduino15/packages"
time="2024-09-07T20:57:04+05:30" level=info msg="Loading package builtin from: /home/us3r/.arduino15/packages/builtin"
time="2024-09-07T20:57:04+05:30" level=info msg="Checking existence of 'tools' path: /home/us3r/.arduino15/packages/builtin/tools"
time="2024-09-07T20:57:04+05:30" level=info msg="Loading tools from dir: /home/us3r/.arduino15/packages/builtin/tools"
time="2024-09-07T20:57:04+05:30" level=info msg="Loaded tool" tool="builtin:ctags@5.8-arduino11"
2024-09-07 20:57:04 2024-09-07T15:27:04.507Z daemon INFO time="2024-09-07T20:57:04+05:30" level=info msg="Loaded tool" tool="builtin:dfu-discovery@0.1.2"
time="2024-09-07T20:57:04+05:30" level=info msg="Loaded tool" tool="builtin:mdns-discovery@1.0.9"
time="2024-09-07T20:57:04+05:30" level=info msg="Loaded tool" tool="builtin:serial-discovery@1.4.1"
time="2024-09-07T20:57:04+05:30" level=info msg="Loaded tool" tool="builtin:serial-monitor@0.14.1"
2024-09-07 20:57:06 2024-09-07T15:27:06.526Z daemon INFO time="2024-09-07T20:57:06+05:30" level=info msg="Starting download" url="http://downloads.arduino.cc/tools/avrdude-6.3.0-arduino17-x86_64-pc-linux-gnu.tar.bz2"
2024-09-07 20:57:07 2024-09-07T15:27:07.221Z daemon INFO time="2024-09-07T20:57:07+05:30" level=info msg="Starting download" url="http://downloads.arduino.cc/cores/staging/avr-1.8.6.tar.bz2"
2024-09-07 20:57:08 2024-09-07T15:27:08.367Z daemon INFO time="2024-09-07T20:57:08+05:30" level=info msg="Installing tool" Tool="arduino:arduinoOTA@1.3.0"
2024-09-07 20:57:08 2024-09-07T15:27:08.645Z daemon INFO time="2024-09-07T20:57:08+05:30" level=info msg="Running tool post_install script" Tool="arduino:arduinoOTA@1.3.0"
time="2024-09-07T20:57:08+05:30" level=info msg="Tool installed" Tool="arduino:arduinoOTA@1.3.0"
time="2024-09-07T20:57:08+05:30" level=info msg="Installing tool" Tool="arduino:avr-gcc@7.3.0-atmel3.6.1-arduino7"
2024-09-07 20:57:13 2024-09-07T15:27:13.940Z daemon INFO time="2024-09-07T20:57:13+05:30" level=info msg="Running tool post_install script" Tool="arduino:avr-gcc@7.3.0-atmel3.6.1-arduino7"
time="2024-09-07T20:57:13+05:30" level=info msg="Tool installed" Tool="arduino:avr-gcc@7.3.0-atmel3.6.1-arduino7"
time="2024-09-07T20:57:13+05:30" level=info msg="Installing tool" Tool="arduino:avrdude@6.3.0-arduino17"
2024-09-07 20:57:13 2024-09-07T15:27:13.971Z daemon INFO time="2024-09-07T20:57:13+05:30" level=info msg="Running tool post_install script" Tool="arduino:avrdude@6.3.0-arduino17"
time="2024-09-07T20:57:13+05:30" level=info msg="Tool installed" Tool="arduino:avrdude@6.3.0-arduino17"
time="2024-09-07T20:57:13+05:30" level=info msg="Installing platform" platform="arduino:avr@1.8.6"
2024-09-07 20:57:14 2024-09-07T15:27:14.721Z daemon INFO time="2024-09-07T20:57:14+05:30" level=info msg="Running post_install script" platform="arduino:avr@1.8.6"
time="2024-09-07T20:57:14+05:30" level=info msg="Platform installed" platform="arduino:avr@1.8.6"
2024-09-07 20:57:14 2024-09-07T15:27:14.721Z daemon INFO time="2024-09-07T20:57:14+05:30" level=info msg="sending command QUIT to discovery builtin:serial-discovery"
2024-09-07 20:57:14 2024-09-07T15:27:14.722Z daemon INFO time="2024-09-07T20:57:14+05:30" level=info msg="from discovery builtin:serial-discovery received message type: quit, message: OK"
time="2024-09-07T20:57:14+05:30" level=info msg="killing discovery builtin:serial-discovery process"
time="2024-09-07T20:57:14+05:30" level=info msg="Discovery event channel closed builtin:serial-discovery. Exiting goroutine."
time="2024-09-07T20:57:14+05:30" level=info msg="killed discovery builtin:serial-discovery process"
time="2024-09-07T20:57:14+05:30" level=info msg="Closed and removed discovery builtin:serial-discovery"
time="2024-09-07T20:57:14+05:30" level=info msg="sending command QUIT to discovery builtin:mdns-discovery"
2024-09-07 20:57:14 2024-09-07T15:27:14.722Z daemon INFO time="2024-09-07T20:57:14+05:30" level=info msg="from discovery builtin:mdns-discovery received message type: quit, message: OK"
time="2024-09-07T20:57:14+05:30" level=info msg="killing discovery builtin:mdns-discovery process"
2024-09-07 20:57:14 2024-09-07T15:27:14.722Z daemon INFO time="2024-09-07T20:57:14+05:30" level=info msg="Discovery event channel closed builtin:mdns-discovery. Exiting goroutine."
2024-09-07 20:57:14 2024-09-07T15:27:14.722Z daemon INFO time="2024-09-07T20:57:14+05:30" level=info msg="killed discovery builtin:mdns-discovery process"
time="2024-09-07T20:57:14+05:30" level=info msg="Closed and removed discovery builtin:mdns-discovery"
2024-09-07 20:57:14 2024-09-07T15:27:14.722Z daemon INFO time="2024-09-07T20:57:14+05:30" level=info msg="starting discovery builtin:serial-discovery process"
2024-09-07 20:57:14 2024-09-07T15:27:14.722Z daemon INFO time="2024-09-07T20:57:14+05:30" level=info msg="started discovery builtin:serial-discovery process"
time="2024-09-07T20:57:14+05:30" level=info msg="sending command HELLO 1 \"arduino-cli 0.35.3\" to discovery builtin:serial-discovery"
2024-09-07 20:57:14 2024-09-07T15:27:14.723Z daemon INFO time="2024-09-07T20:57:14+05:30" level=info msg="from discovery builtin:serial-discovery received message type: hello, message: OK, protocol version: 1"
time="2024-09-07T20:57:14+05:30" level=info msg="sending command START_SYNC to discovery builtin:serial-discovery"
2024-09-07 20:57:14 2024-09-07T15:27:14.724Z daemon INFO time="2024-09-07T20:57:14+05:30" level=info msg="from discovery builtin:serial-discovery received message type: start_sync, message: OK"
time="2024-09-07T20:57:14+05:30" level=info msg="starting discovery builtin:mdns-discovery process"
2024-09-07 20:57:14 2024-09-07T15:27:14.724Z daemon INFO time="2024-09-07T20:57:14+05:30" level=info msg="started discovery builtin:mdns-discovery process"
time="2024-09-07T20:57:14+05:30" level=info msg="sending command HELLO 1 \"arduino-cli 0.35.3\" to discovery builtin:mdns-discovery"
2024-09-07 20:57:14 2024-09-07T15:27:14.725Z daemon INFO time="2024-09-07T20:57:14+05:30" level=info msg="from discovery builtin:mdns-discovery received message type: hello, message: OK, protocol version: 1"
time="2024-09-07T20:57:14+05:30" level=info msg="sending command START_SYNC to discovery builtin:mdns-discovery"
2024-09-07 20:57:14 2024-09-07T15:27:14.725Z daemon INFO time="2024-09-07T20:57:14+05:30" level=info msg="from discovery builtin:mdns-discovery received message type: start_sync, message: OK"
2024-09-07 20:57:14 2024-09-07T15:27:14.725Z daemon INFO time="2024-09-07T20:57:14+05:30" level=info msg="Loading libraries index file" index=/home/us3r/.arduino15/library_index.json
2024-09-07 20:57:14 2024-09-07T15:27:14.735Z daemon INFO time="2024-09-07T20:57:14+05:30" level=info msg="Checking signature" index=/home/us3r/.arduino15/package_index.json signatureFile=/home/us3r/.arduino15/package_index.json.sig trusted=true
2024-09-07 20:57:14 2024-09-07T15:27:14.735Z daemon INFO time="2024-09-07T20:57:14+05:30" level=info msg="Loading hardware from: /home/us3r/.arduino15/packages"
2024-09-07 20:57:14 2024-09-07T15:27:14.736Z daemon INFO time="2024-09-07T20:57:14+05:30" level=info msg="Loading package arduino from: /home/us3r/.arduino15/packages/arduino/hardware"
2024-09-07 20:57:14 2024-09-07T15:27:14.736Z daemon INFO time="2024-09-07T20:57:14+05:30" level=info msg="Missing signature file" index=/home/us3r/.arduino15/packages/arduino/hardware/avr/1.8.6/installed.json
2024-09-07 20:57:14 2024-09-07T15:27:14.738Z daemon INFO time="2024-09-07T20:57:14+05:30" level=info msg="Adding monitor tool" protocol=serial tool="builtin:serial-monitor"
time="2024-09-07T20:57:14+05:30" level=info msg="Loaded platform" platform="arduino:avr@1.8.6"
time="2024-09-07T20:57:14+05:30" level=info msg="Checking existence of 'tools' path: /home/us3r/.arduino15/packages/arduino/tools"
time="2024-09-07T20:57:14+05:30" level=info msg="Loading tools from dir: /home/us3r/.arduino15/packages/arduino/tools"
2024-09-07 20:57:14 2024-09-07T15:27:14.738Z daemon INFO time="2024-09-07T20:57:14+05:30" level=info msg="Loaded tool" tool="arduino:arduinoOTA@1.3.0"
2024-09-07 20:57:14 2024-09-07T15:27:14.738Z daemon INFO time="2024-09-07T20:57:14+05:30" level=info msg="Loaded tool" tool="arduino:avr-gcc@7.3.0-atmel3.6.1-arduino7"
2024-09-07 20:57:14 2024-09-07T15:27:14.738Z daemon INFO time="2024-09-07T20:57:14+05:30" level=info msg="Loaded tool" tool="arduino:avrdude@6.3.0-arduino17"
2024-09-07 20:57:14 2024-09-07T15:27:14.738Z daemon INFO time="2024-09-07T20:57:14+05:30" level=info msg="Loading package builtin from: /home/us3r/.arduino15/packages/builtin"
2024-09-07 20:57:14 2024-09-07T15:27:14.738Z daemon INFO time="2024-09-07T20:57:14+05:30" level=info msg="Checking existence of 'tools' path: /home/us3r/.arduino15/packages/builtin/tools"
2024-09-07 20:57:14 2024-09-07T15:27:14.738Z daemon INFO time="2024-09-07T20:57:14+05:30" level=info msg="Loading tools from dir: /home/us3r/.arduino15/packages/builtin/tools"
2024-09-07 20:57:14 2024-09-07T15:27:14.738Z daemon INFO time="2024-09-07T20:57:14+05:30" level=info msg="Loaded tool" tool="builtin:ctags@5.8-arduino11"
2024-09-07 20:57:14 2024-09-07T15:27:14.738Z daemon INFO time="2024-09-07T20:57:14+05:30" level=info msg="Loaded tool" tool="builtin:dfu-discovery@0.1.2"
2024-09-07 20:57:14 2024-09-07T15:27:14.738Z daemon INFO time="2024-09-07T20:57:14+05:30" level=info msg="Loaded tool" tool="builtin:mdns-discovery@1.0.9"
2024-09-07 20:57:14 2024-09-07T15:27:14.738Z daemon INFO time="2024-09-07T20:57:14+05:30" level=info msg="Loaded tool" tool="builtin:serial-discovery@1.4.1"
2024-09-07 20:57:14 2024-09-07T15:27:14.738Z daemon INFO time="2024-09-07T20:57:14+05:30" level=info msg="Loaded tool" tool="builtin:serial-monitor@0.14.1"
2024-09-07 20:57:14 2024-09-07T15:27:14.842Z daemon INFO time="2024-09-07T20:57:14+05:30" level=info msg="Adding libraries dir" dir=/home/us3r/.arduino15/libraries location=ide
time="2024-09-07T20:57:14+05:30" level=info msg="Adding libraries dir" dir=/home/us3r/Arduino/libraries location=user
2024-09-07 20:57:14 2024-09-07T15:27:14.843Z daemon INFO time="2024-09-07T20:57:14+05:30" level=info msg="sending command QUIT to discovery builtin:serial-discovery"
2024-09-07 20:57:14 2024-09-07T15:27:14.843Z daemon INFO time="2024-09-07T20:57:14+05:30" level=info msg="from discovery builtin:serial-discovery received message type: quit, message: OK"
time="2024-09-07T20:57:14+05:30" level=info msg="killing discovery builtin:serial-discovery process"
2024-09-07 20:57:14 2024-09-07T15:27:14.844Z daemon INFO time="2024-09-07T20:57:14+05:30" level=info msg="Discovery event channel closed builtin:serial-discovery. Exiting goroutine."
time="2024-09-07T20:57:14+05:30" level=info msg="killed discovery builtin:serial-discovery process"
time="2024-09-07T20:57:14+05:30" level=info msg="Closed and removed discovery builtin:serial-discovery"
time="2024-09-07T20:57:14+05:30" level=info msg="sending command QUIT to discovery builtin:mdns-discovery"
time="2024-09-07T20:57:14+05:30" level=info msg="from discovery builtin:mdns-discovery received message type: quit, message: OK"
time="2024-09-07T20:57:14+05:30" level=info msg="killing discovery builtin:mdns-discovery process"
time="2024-09-07T20:57:14+05:30" level=info msg="Discovery event channel closed builtin:mdns-discovery. Exiting goroutine."
time="2024-09-07T20:57:14+05:30" level=info msg="killed discovery builtin:mdns-discovery process"
time="2024-09-07T20:57:14+05:30" level=info msg="Closed and removed discovery builtin:mdns-discovery"
time="2024-09-07T20:57:14+05:30" level=info msg="starting discovery builtin:serial-discovery process"
time="2024-09-07T20:57:14+05:30" level=info msg="started discovery builtin:serial-discovery process"
time="2024-09-07T20:57:14+05:30" level=info msg="sending command HELLO 1 \"arduino-cli 0.35.3\" to discovery builtin:serial-discovery"
2024-09-07 20:57:14 2024-09-07T15:27:14.845Z daemon INFO time="2024-09-07T20:57:14+05:30" level=info msg="from discovery builtin:serial-discovery received message type: hello, message: OK, protocol version: 1"
time="2024-09-07T20:57:14+05:30" level=info msg="sending command START_SYNC to discovery builtin:serial-discovery"
2024-09-07 20:57:14 2024-09-07T15:27:14.845Z daemon INFO time="2024-09-07T20:57:14+05:30" level=info msg="from discovery builtin:serial-discovery received message type: start_sync, message: OK"
2024-09-07 20:57:14 2024-09-07T15:27:14.845Z daemon INFO time="2024-09-07T20:57:14+05:30" level=info msg="starting discovery builtin:mdns-discovery process"
2024-09-07 20:57:14 2024-09-07T15:27:14.845Z daemon INFO time="2024-09-07T20:57:14+05:30" level=info msg="started discovery builtin:mdns-discovery process"
time="2024-09-07T20:57:14+05:30" level=info msg="sending command HELLO 1 \"arduino-cli 0.35.3\" to discovery builtin:mdns-discovery"
2024-09-07 20:57:14 2024-09-07T15:27:14.848Z daemon INFO time="2024-09-07T20:57:14+05:30" level=info msg="from discovery builtin:mdns-discovery received message type: hello, message: OK, protocol version: 1"
time="2024-09-07T20:57:14+05:30" level=info msg="sending command START_SYNC to discovery builtin:mdns-discovery"
time="2024-09-07T20:57:14+05:30" level=info msg="from discovery builtin:mdns-discovery received message type: start_sync, message: OK"
time="2024-09-07T20:57:14+05:30" level=info msg="Adding libraries dir" dir=/home/us3r/.arduino15/packages/arduino/hardware/avr/1.8.6/libraries location=platform
time="2024-09-07T20:57:14+05:30" level=info msg="Loading libraries index file" index=/home/us3r/.arduino15/library_index.json
2024-09-07 20:57:14 2024-09-07T15:27:14.947Z daemon INFO time="2024-09-07T20:57:14+05:30" level=info msg="Adding libraries dir" dir=/home/us3r/.arduino15/libraries location=ide
time="2024-09-07T20:57:14+05:30" level=info msg="Adding libraries dir" dir=/home/us3r/Arduino/libraries location=user
2024-09-07 20:57:14 2024-09-07T15:27:14.948Z discovery-log INFO start
2024-09-07 20:57:14 2024-09-07T15:27:14.948Z discovery-log INFO start new deferred
2024-09-07 20:57:14 2024-09-07T15:27:14.948Z discovery-log INFO start resolved watching
2024-09-07 20:57:14 2024-09-07T15:27:14.962Z root INFO <<< Boards package installation done. {
  id: 'arduino:avr',
  name: 'Arduino AVR Boards',
  author: 'Arduino',
  availableVersions: [
    '1.8.6',  '1.8.5',  '1.8.4',
    '1.8.3',  '1.8.2',  '1.8.1',
    '1.6.23', '1.6.22', '1.6.21',
    '1.6.20', '1.6.19', '1.6.18',
    '1.6.17', '1.6.16', '1.6.15',
    '1.6.14', '1.6.13', '1.6.12',
    '1.6.11', '1.6.10', '1.6.9',
    '1.6.8',  '1.6.7',  '1.6.6',
    '1.6.5',  '1.6.4',  '1.6.3',
    '1.6.2'
  ],
  description: 'Arduino Yún, Arduino UNO, Arduino UNO Mini, Arduino UNO WiFi, Arduino Diecimila, Arduino Nano, Arduino Mega, Arduino Mega ADK, Arduino Leonardo, Arduino Leonardo Ethernet, Arduino Micro, Arduino Esplora, Arduino Mini, Arduino Ethernet, Arduino Fio, Arduino BT, Arduino LilyPad USB, Arduino LilyPad, Arduino Pro, Arduino ATMegaNG, Arduino Robot Control, Arduino Robot Motor, Arduino Gemma, Adafruit Circuit Playground, Arduino Yún Mini, Arduino Industrial 101, Linino One',
  types: [ 'Arduino' ],
  deprecated: false,
  summary: 'Boards included in this package:',
  installedVersion: undefined,
  boards: [
    { name: 'Arduino Yún', fqbn: '' },
    { name: 'Arduino UNO', fqbn: '' },
    { name: 'Arduino UNO Mini', fqbn: '' },
    { name: 'Arduino UNO WiFi', fqbn: '' },
    { name: 'Arduino Diecimila', fqbn: '' },
    { name: 'Arduino Nano', fqbn: '' },
    { name: 'Arduino Mega', fqbn: '' },
    { name: 'Arduino Mega ADK', fqbn: '' },
    { name: 'Arduino Leonardo', fqbn: '' },
    { name: 'Arduino Leonardo Ethernet', fqbn: '' },
    { name: 'Arduino Micro', fqbn: '' },
    { name: 'Arduino Esplora', fqbn: '' },
    { name: 'Arduino Mini', fqbn: '' },
    { name: 'Arduino Ethernet', fqbn: '' },
    { name: 'Arduino Fio', fqbn: '' },
    { name: 'Arduino BT', fqbn: '' },
    { name: 'Arduino LilyPad USB', fqbn: '' },
    { name: 'Arduino LilyPad', fqbn: '' },
    { name: 'Arduino Pro', fqbn: '' },
    { name: 'Arduino ATMegaNG', fqbn: '' },
    { name: 'Arduino Robot Control', fqbn: '' },
    { name: 'Arduino Robot Motor', fqbn: '' },
    { name: 'Arduino Gemma', fqbn: '' },
    { name: 'Adafruit Circuit Playground', fqbn: '' },
    { name: 'Arduino Yún Mini', fqbn: '' },
    { name: 'Arduino Industrial 101', fqbn: '' },
    { name: 'Linino One', fqbn: '' }
  ],
  moreInfoLink: 'http://www.arduino.cc/',
  index: 0
}
2024-09-07 20:57:14 2024-09-07T15:27:14.966Z root INFO >>> Starting library package installation... {
  name: 'Arduino_BuiltIn',
  exampleUris: [],
  location: 0,
  installedVersion: undefined,
  author: 'Arduino',
  availableVersions: [ '1.0.0' ],
  includes: [],
  description: 'The sole purpose of this library is to install the standard Arduino libraries which are typically included with the Arduino IDE.',
  moreInfoLink: 'https://github.com/arduino-libraries/Arduino_BuiltIn',
  summary: 'Shell Arduino library to provide the standard built-in libraries',
  category: 'Other',
  types: [ 'Arduino' ],
  index: 0
}
2024-09-07 20:57:14 2024-09-07T15:27:14.966Z discovery-log INFO stop
2024-09-07 20:57:14 2024-09-07T15:27:14.966Z discovery-log INFO >>> Stopping boards watcher...
2024-09-07 20:57:14 2024-09-07T15:27:14.966Z discovery-log INFO Canceling boards watcher...
2024-09-07 20:57:14 2024-09-07T15:27:14.966Z discovery-log INFO disposing requesting cancel
2024-09-07 20:57:14 2024-09-07T15:27:14.966Z discovery-log INFO disposing canceled
2024-09-07 20:57:14 2024-09-07T15:27:14.967Z discovery-log INFO error received
2024-09-07 20:57:14 2024-09-07T15:27:14.967Z discovery-log INFO cancel error received!
2024-09-07 20:57:14 2024-09-07T15:27:14.967Z discovery-log INFO stop received event: either end or cancel
2024-09-07 20:57:14 2024-09-07T15:27:14.967Z discovery-log INFO stop stopped
2024-09-07 20:57:14 2024-09-07T15:27:14.967Z discovery-log INFO received end
2024-09-07 20:57:14 2024-09-07T15:27:14.987Z daemon INFO time="2024-09-07T20:57:14+05:30" level=info msg="Starting download" url="https://downloads.arduino.cc/libraries/github.com/arduino-libraries/Ethernet-2.0.2.zip?query=depends"
2024-09-07 20:57:15 2024-09-07T15:27:15.499Z daemon INFO time="2024-09-07T20:57:15+05:30" level=info msg="Installing library" library=Ethernet@2.0.2
2024-09-07 20:57:15 2024-09-07T15:27:15.505Z daemon INFO time="2024-09-07T20:57:15+05:30" level=info msg="Starting download" url="https://downloads.arduino.cc/libraries/github.com/arduino-libraries/TFT-1.0.6.zip?query=depends"
2024-09-07 20:57:15 2024-09-07T15:27:15.916Z daemon INFO time="2024-09-07T20:57:15+05:30" level=info msg="Installing library" library=TFT@1.0.6
2024-09-07 20:57:15 2024-09-07T15:27:15.920Z daemon INFO time="2024-09-07T20:57:15+05:30" level=info msg="Starting download" url="https://downloads.arduino.cc/libraries/github.com/arduino-libraries/Arduino_BuiltIn-1.0.0.zip?query=install-builtin"
2024-09-07 20:57:16 2024-09-07T15:27:16.404Z daemon INFO time="2024-09-07T20:57:16+05:30" level=info msg="Installing library" library=Arduino_BuiltIn@1.0.0
2024-09-07 20:57:16 2024-09-07T15:27:16.405Z daemon INFO time="2024-09-07T20:57:16+05:30" level=info msg="Starting download" url="https://downloads.arduino.cc/libraries/github.com/firmata/Firmata-2.5.9.zip?query=depends"
2024-09-07 20:57:16 2024-09-07T15:27:16.951Z daemon INFO time="2024-09-07T20:57:16+05:30" level=info msg="Installing library" library=Firmata@2.5.9
2024-09-07 20:57:16 2024-09-07T15:27:16.968Z daemon INFO time="2024-09-07T20:57:16+05:30" level=info msg="Starting download" url="https://downloads.arduino.cc/libraries/github.com/arduino-libraries/LiquidCrystal-1.0.7.zip?query=depends"
2024-09-07 20:57:17 2024-09-07T15:27:17.117Z daemon INFO time="2024-09-07T20:57:17+05:30" level=info msg="Installing library" library=LiquidCrystal@1.0.7
2024-09-07 20:57:17 2024-09-07T15:27:17.121Z daemon INFO time="2024-09-07T20:57:17+05:30" level=info msg="Starting download" url="https://downloads.arduino.cc/libraries/github.com/arduino-libraries/Servo-1.2.2.zip?query=depends"
2024-09-07 20:57:17 2024-09-07T15:27:17.613Z daemon INFO time="2024-09-07T20:57:17+05:30" level=info msg="Installing library" library=Servo@1.2.2
2024-09-07 20:57:17 2024-09-07T15:27:17.621Z daemon INFO time="2024-09-07T20:57:17+05:30" level=info msg="Starting download" url="https://downloads.arduino.cc/libraries/github.com/arduino-libraries/Keyboard-1.0.6.zip?query=depends"
2024-09-07 20:57:18 2024-09-07T15:27:18.069Z daemon INFO time="2024-09-07T20:57:18+05:30" level=info msg="Installing library" library=Keyboard@1.0.6
2024-09-07 20:57:18 2024-09-07T15:27:18.077Z daemon INFO time="2024-09-07T20:57:18+05:30" level=info msg="Starting download" url="https://downloads.arduino.cc/libraries/github.com/arduino-libraries/Mouse-1.0.1.zip?query=depends"
2024-09-07 20:57:18 2024-09-07T15:27:18.371Z daemon INFO time="2024-09-07T20:57:18+05:30" level=info msg="Installing library" library=Mouse@1.0.1
2024-09-07 20:57:18 2024-09-07T15:27:18.374Z daemon INFO time="2024-09-07T20:57:18+05:30" level=info msg="Starting download" url="https://downloads.arduino.cc/libraries/github.com/arduino-libraries/SD-1.3.0.zip?query=depends"
2024-09-07 20:57:18 2024-09-07T15:27:18.625Z daemon INFO time="2024-09-07T20:57:18+05:30" level=info msg="Installing library" library=SD@1.3.0
2024-09-07 20:57:18 2024-09-07T15:27:18.633Z daemon INFO time="2024-09-07T20:57:18+05:30" level=info msg="Starting download" url="https://downloads.arduino.cc/libraries/github.com/arduino-libraries/Stepper-1.1.3.zip?query=depends"
2024-09-07 20:57:18 2024-09-07T15:27:18.821Z daemon INFO time="2024-09-07T20:57:18+05:30" level=info msg="Installing library" library=Stepper@1.1.3
2024-09-07 20:57:18 2024-09-07T15:27:18.836Z daemon INFO time="2024-09-07T20:57:18+05:30" level=info msg="Checking signature" index=/home/us3r/.arduino15/package_index.json signatureFile=/home/us3r/.arduino15/package_index.json.sig trusted=true
2024-09-07 20:57:18 2024-09-07T15:27:18.837Z daemon INFO time="2024-09-07T20:57:18+05:30" level=info msg="Loading hardware from: /home/us3r/.arduino15/packages"
2024-09-07 20:57:18 2024-09-07T15:27:18.837Z daemon INFO time="2024-09-07T20:57:18+05:30" level=info msg="Loading package arduino from: /home/us3r/.arduino15/packages/arduino/hardware"
2024-09-07 20:57:18 2024-09-07T15:27:18.837Z daemon INFO time="2024-09-07T20:57:18+05:30" level=info msg="Missing signature file" index=/home/us3r/.arduino15/packages/arduino/hardware/avr/1.8.6/installed.json
2024-09-07 20:57:18 2024-09-07T15:27:18.838Z daemon INFO time="2024-09-07T20:57:18+05:30" level=info msg="Adding monitor tool" protocol=serial tool="builtin:serial-monitor"
time="2024-09-07T20:57:18+05:30" level=info msg="Loaded platform" platform="arduino:avr@1.8.6"
time="2024-09-07T20:57:18+05:30" level=info msg="Checking existence of 'tools' path: /home/us3r/.arduino15/packages/arduino/tools"
time="2024-09-07T20:57:18+05:30" level=info msg="Loading tools from dir: /home/us3r/.arduino15/packages/arduino/tools"
2024-09-07 20:57:18 2024-09-07T15:27:18.838Z daemon INFO time="2024-09-07T20:57:18+05:30" level=info msg="Loaded tool" tool="arduino:arduinoOTA@1.3.0"
time="2024-09-07T20:57:18+05:30" level=info msg="Loaded tool" tool="arduino:avr-gcc@7.3.0-atmel3.6.1-arduino7"
time="2024-09-07T20:57:18+05:30" level=info msg="Loaded tool" tool="arduino:avrdude@6.3.0-arduino17"
2024-09-07 20:57:18 2024-09-07T15:27:18.838Z daemon INFO time="2024-09-07T20:57:18+05:30" level=info msg="Loading package builtin from: /home/us3r/.arduino15/packages/builtin"
time="2024-09-07T20:57:18+05:30" level=info msg="Checking existence of 'tools' path: /home/us3r/.arduino15/packages/builtin/tools"
time="2024-09-07T20:57:18+05:30" level=info msg="Loading tools from dir: /home/us3r/.arduino15/packages/builtin/tools"
2024-09-07 20:57:18 2024-09-07T15:27:18.838Z daemon INFO time="2024-09-07T20:57:18+05:30" level=info msg="Loaded tool" tool="builtin:ctags@5.8-arduino11"
time="2024-09-07T20:57:18+05:30" level=info msg="Loaded tool" tool="builtin:dfu-discovery@0.1.2"
time="2024-09-07T20:57:18+05:30" level=info msg="Loaded tool" tool="builtin:mdns-discovery@1.0.9"
2024-09-07 20:57:18 2024-09-07T15:27:18.838Z daemon INFO time="2024-09-07T20:57:18+05:30" level=info msg="Loaded tool" tool="builtin:serial-discovery@1.4.1"
time="2024-09-07T20:57:18+05:30" level=info msg="Loaded tool" tool="builtin:serial-monitor@0.14.1"
2024-09-07 20:57:18 2024-09-07T15:27:18.838Z daemon INFO time="2024-09-07T20:57:18+05:30" level=info msg="sending command QUIT to discovery builtin:serial-discovery"
2024-09-07 20:57:18 2024-09-07T15:27:18.839Z daemon INFO time="2024-09-07T20:57:18+05:30" level=info msg="from discovery builtin:serial-discovery received message type: quit, message: OK"
2024-09-07 20:57:18 2024-09-07T15:27:18.839Z daemon INFO time="2024-09-07T20:57:18+05:30" level=info msg="killing discovery builtin:serial-discovery process"
2024-09-07 20:57:18 2024-09-07T15:27:18.839Z daemon INFO time="2024-09-07T20:57:18+05:30" level=info msg="Discovery event channel closed builtin:serial-discovery. Exiting goroutine."
2024-09-07 20:57:18 2024-09-07T15:27:18.839Z daemon INFO time="2024-09-07T20:57:18+05:30" level=info msg="killed discovery builtin:serial-discovery process"
time="2024-09-07T20:57:18+05:30" level=info msg="Closed and removed discovery builtin:serial-discovery"
time="2024-09-07T20:57:18+05:30" level=info msg="sending command QUIT to discovery builtin:mdns-discovery"
2024-09-07 20:57:18 2024-09-07T15:27:18.839Z daemon INFO time="2024-09-07T20:57:18+05:30" level=info msg="from discovery builtin:mdns-discovery received message type: quit, message: OK"
2024-09-07 20:57:18 2024-09-07T15:27:18.839Z daemon INFO time="2024-09-07T20:57:18+05:30" level=info msg="killing discovery builtin:mdns-discovery process"
2024-09-07 20:57:18 2024-09-07T15:27:18.839Z daemon INFO time="2024-09-07T20:57:18+05:30" level=info msg="Discovery event channel closed builtin:mdns-discovery. Exiting goroutine."
2024-09-07 20:57:18 2024-09-07T15:27:18.839Z daemon INFO time="2024-09-07T20:57:18+05:30" level=info msg="killed discovery builtin:mdns-discovery process"
time="2024-09-07T20:57:18+05:30" level=info msg="Closed and removed discovery builtin:mdns-discovery"
time="2024-09-07T20:57:18+05:30" level=info msg="starting discovery builtin:serial-discovery process"
2024-09-07 20:57:18 2024-09-07T15:27:18.839Z daemon INFO time="2024-09-07T20:57:18+05:30" level=info msg="started discovery builtin:serial-discovery process"
time="2024-09-07T20:57:18+05:30" level=info msg="sending command HELLO 1 \"arduino-cli 0.35.3\" to discovery builtin:serial-discovery"
2024-09-07 20:57:18 2024-09-07T15:27:18.840Z daemon INFO time="2024-09-07T20:57:18+05:30" level=info msg="from discovery builtin:serial-discovery received message type: hello, message: OK, protocol version: 1"
time="2024-09-07T20:57:18+05:30" level=info msg="sending command START_SYNC to discovery builtin:serial-discovery"
2024-09-07 20:57:18 2024-09-07T15:27:18.841Z daemon INFO time="2024-09-07T20:57:18+05:30" level=info msg="from discovery builtin:serial-discovery received message type: start_sync, message: OK"
2024-09-07 20:57:18 2024-09-07T15:27:18.841Z daemon INFO time="2024-09-07T20:57:18+05:30" level=info msg="starting discovery builtin:mdns-discovery process"
2024-09-07 20:57:18 2024-09-07T15:27:18.841Z daemon INFO time="2024-09-07T20:57:18+05:30" level=info msg="started discovery builtin:mdns-discovery process"
time="2024-09-07T20:57:18+05:30" level=info msg="sending command HELLO 1 \"arduino-cli 0.35.3\" to discovery builtin:mdns-discovery"
2024-09-07 20:57:18 2024-09-07T15:27:18.842Z daemon INFO time="2024-09-07T20:57:18+05:30" level=info msg="from discovery builtin:mdns-discovery received message type: hello, message: OK, protocol version: 1"
time="2024-09-07T20:57:18+05:30" level=info msg="sending command START_SYNC to discovery builtin:mdns-discovery"
2024-09-07 20:57:18 2024-09-07T15:27:18.842Z daemon INFO time="2024-09-07T20:57:18+05:30" level=info msg="from discovery builtin:mdns-discovery received message type: start_sync, message: OK"
2024-09-07 20:57:18 2024-09-07T15:27:18.842Z daemon INFO time="2024-09-07T20:57:18+05:30" level=info msg="Adding libraries dir" dir=/home/us3r/.arduino15/packages/arduino/hardware/avr/1.8.6/libraries location=platform
2024-09-07 20:57:18 2024-09-07T15:27:18.842Z daemon INFO time="2024-09-07T20:57:18+05:30" level=info msg="Loading libraries index file" index=/home/us3r/.arduino15/library_index.json
2024-09-07 20:57:18 2024-09-07T15:27:18.974Z daemon INFO time="2024-09-07T20:57:18+05:30" level=info msg="Adding libraries dir" dir=/home/us3r/.arduino15/libraries location=ide
time="2024-09-07T20:57:18+05:30" level=info msg="Adding libraries dir" dir=/home/us3r/Arduino/libraries location=user
2024-09-07 20:57:18 2024-09-07T15:27:18.977Z discovery-log INFO start
2024-09-07 20:57:18 2024-09-07T15:27:18.977Z discovery-log INFO start new deferred
2024-09-07 20:57:18 2024-09-07T15:27:18.977Z discovery-log INFO start resolved watching
2024-09-07 20:57:19 2024-09-07T15:27:19.169Z root ERROR ---- !!!SLOW!!! DURATION: search took 191.464 ms. Args: [{}] ----
2024-09-07 20:57:19 2024-09-07T15:27:19.169Z root INFO <<< Library package installation done. {
  name: 'Arduino_BuiltIn',
  exampleUris: [],
  location: 0,
  installedVersion: undefined,
  author: 'Arduino',
  availableVersions: [ '1.0.0' ],
  includes: [],
  description: 'The sole purpose of this library is to install the standard Arduino libraries which are typically included with the Arduino IDE.',
  moreInfoLink: 'https://github.com/arduino-libraries/Arduino_BuiltIn',
  summary: 'Shell Arduino library to provide the standard built-in libraries',
  category: 'Other',
  types: [ 'Arduino' ],
  index: 0
}
2024-09-07 20:57:42 2024-09-07T15:27:42.790Z root INFO >>> Starting boards package installation... {
  id: 'arduino:esp32',
  name: 'Arduino ESP32 Boards',
  author: 'Arduino',
  availableVersions: [ '2.0.13', '2.0.12', '2.0.11', '2.0.10' ],
  description: 'Arduino Nano ESP32',
  types: [ 'ESP32' ],
  deprecated: false,
  summary: 'Boards included in this package:',
  installedVersion: undefined,
  boards: [ { name: 'Arduino Nano ESP32', fqbn: '' } ],
  moreInfoLink: 'http://www.arduino.cc/',
  index: 1
}
2024-09-07 20:57:42 2024-09-07T15:27:42.790Z discovery-log INFO stop
2024-09-07 20:57:42 2024-09-07T15:27:42.790Z discovery-log INFO >>> Stopping boards watcher...
2024-09-07 20:57:42 2024-09-07T15:27:42.790Z discovery-log INFO Canceling boards watcher...
2024-09-07 20:57:42 2024-09-07T15:27:42.790Z discovery-log INFO disposing requesting cancel
2024-09-07 20:57:42 2024-09-07T15:27:42.790Z discovery-log INFO disposing canceled
2024-09-07 20:57:42 2024-09-07T15:27:42.791Z discovery-log INFO error received
2024-09-07 20:57:42 2024-09-07T15:27:42.791Z discovery-log INFO cancel error received!
2024-09-07 20:57:42 2024-09-07T15:27:42.791Z discovery-log INFO stop received event: either end or cancel
2024-09-07 20:57:42 2024-09-07T15:27:42.791Z discovery-log INFO stop stopped
2024-09-07 20:57:42 2024-09-07T15:27:42.791Z discovery-log INFO received end
2024-09-07 20:57:42 2024-09-07T15:27:42.792Z daemon INFO time="2024-09-07T20:57:42+05:30" level=info msg="Starting download" url="http://downloads.arduino.cc/tools/dfu-util-0.11-arduino5-linux_amd64.tar.gz"
2024-09-07 20:57:43 2024-09-07T15:27:43.540Z daemon INFO time="2024-09-07T20:57:43+05:30" level=info msg="Starting download" url="https://github.com/espressif/arduino-esp32/releases/download/2.0.7/esptool-v4.5.1-src.tar.gz"
2024-09-07 20:57:44 2024-09-07T15:27:44.907Z daemon INFO time="2024-09-07T20:57:44+05:30" level=info msg="Starting download" url="https://github.com/earlephilhower/esp-quick-toolchain/releases/download/3.0.0-gnu12/x86_64-linux-gnu.mklittlefs-c41e51a.200706.tar.gz"
2024-09-07 20:57:46 2024-09-07T15:27:46.559Z daemon INFO time="2024-09-07T20:57:46+05:30" level=info msg="Starting download" url="https://github.com/igrr/mkspiffs/releases/download/0.2.3/mkspiffs-0.2.3-arduino-esp32-linux64.tar.gz"
2024-09-07 20:57:47 2024-09-07T15:27:47.373Z daemon INFO time="2024-09-07T20:57:47+05:30" level=info msg="Starting download" url="https://github.com/espressif/openocd-esp32/releases/download/v0.11.0-esp32-20221026/openocd-esp32-linux-amd64-0.11.0-esp32-20221026.tar.gz"
2024-09-07 20:57:49 2024-09-07T15:27:49.165Z daemon INFO time="2024-09-07T20:57:49+05:30" level=info msg="Starting download" url="https://github.com/espressif/binutils-gdb/releases/download/esp-gdb-v11.2_20220823/xtensa-esp-elf-gdb-11.2_20220823-x86_64-linux-gnu.tar.gz"
2024-09-07 20:57:50 2024-09-07T15:27:50.748Z root ERROR ---- !!!SLOW!!! DURATION: search took 184.553 ms. Args: [{"query":"","type":"All","topic":"All"}] ----
2024-09-07 20:57:51 2024-09-07T15:27:51.946Z daemon INFO time="2024-09-07T20:57:51+05:30" level=info msg="Starting download" url="https://github.com/espressif/crosstool-NG/releases/download/esp-2021r2-patch5/xtensa-esp32s3-elf-gcc8_4_0-esp-2021r2-patch5-linux-amd64.tar.gz"
2024-09-07 20:57:55 2024-09-07T15:27:55.139Z daemon INFO time="2024-09-07T20:57:55+05:30" level=info msg="Starting download" url="https://github.com/arduino/arduino-esp32/releases/download/2.0.13/esp32-2.0.13.zip"
2024-09-07 20:57:58 2024-09-07T15:27:58.160Z root INFO ---- DURATION: search took 72.279 ms. Args: [{"query":"esp","type":"All","topic":"All"}] ----
2024-09-07 20:57:59 2024-09-07T15:27:59.744Z daemon INFO time="2024-09-07T20:57:59+05:30" level=info msg="Installing tool" Tool="arduino:dfu-util@0.11.0-arduino5"
2024-09-07 20:57:59 2024-09-07T15:27:59.781Z daemon INFO time="2024-09-07T20:57:59+05:30" level=info msg="Running tool post_install script" Tool="arduino:dfu-util@0.11.0-arduino5"
time="2024-09-07T20:57:59+05:30" level=info msg="Tool installed" Tool="arduino:dfu-util@0.11.0-arduino5"
time="2024-09-07T20:57:59+05:30" level=info msg="Installing tool" Tool="esp32:esptool_py@4.5.1"
2024-09-07 20:57:59 2024-09-07T15:27:59.783Z daemon INFO time="2024-09-07T20:57:59+05:30" level=info msg="Running tool post_install script" Tool="esp32:esptool_py@4.5.1"
time="2024-09-07T20:57:59+05:30" level=info msg="Tool installed" Tool="esp32:esptool_py@4.5.1"
time="2024-09-07T20:57:59+05:30" level=info msg="Installing tool" Tool="esp32:mklittlefs@3.0.0-gnu12-dc7f933"
2024-09-07 20:57:59 2024-09-07T15:27:59.784Z daemon INFO time="2024-09-07T20:57:59+05:30" level=info msg="Running tool post_install script" Tool="esp32:mklittlefs@3.0.0-gnu12-dc7f933"
time="2024-09-07T20:57:59+05:30" level=info msg="Tool installed" Tool="esp32:mklittlefs@3.0.0-gnu12-dc7f933"
time="2024-09-07T20:57:59+05:30" level=info msg="Installing tool" Tool="esp32:mkspiffs@0.2.3"
2024-09-07 20:57:59 2024-09-07T15:27:59.785Z daemon INFO time="2024-09-07T20:57:59+05:30" level=info msg="Running tool post_install script" Tool="esp32:mkspiffs@0.2.3"
time="2024-09-07T20:57:59+05:30" level=info msg="Tool installed" Tool="esp32:mkspiffs@0.2.3"
time="2024-09-07T20:57:59+05:30" level=info msg="Installing tool" Tool="esp32:openocd-esp32@v0.11.0-esp32-20221026"
2024-09-07 20:57:59 2024-09-07T15:27:59.831Z daemon INFO time="2024-09-07T20:57:59+05:30" level=info msg="Running tool post_install script" Tool="esp32:openocd-esp32@v0.11.0-esp32-20221026"
time="2024-09-07T20:57:59+05:30" level=info msg="Tool installed" Tool="esp32:openocd-esp32@v0.11.0-esp32-20221026"
time="2024-09-07T20:57:59+05:30" level=info msg="Installing tool" Tool="esp32:xtensa-esp-elf-gdb@11.2_20220823"
2024-09-07 20:58:00 2024-09-07T15:28:00.259Z daemon INFO time="2024-09-07T20:58:00+05:30" level=info msg="Running tool post_install script" Tool="esp32:xtensa-esp-elf-gdb@11.2_20220823"
time="2024-09-07T20:58:00+05:30" level=info msg="Tool installed" Tool="esp32:xtensa-esp-elf-gdb@11.2_20220823"
time="2024-09-07T20:58:00+05:30" level=info msg="Installing tool" Tool="esp32:xtensa-esp32s3-elf-gcc@esp-2021r2-patch5-8.4.0"
2024-09-07 20:58:01 2024-09-07T15:28:01.306Z daemon INFO time="2024-09-07T20:58:01+05:30" level=info msg="Running tool post_install script" Tool="esp32:xtensa-esp32s3-elf-gcc@esp-2021r2-patch5-8.4.0"
time="2024-09-07T20:58:01+05:30" level=info msg="Tool installed" Tool="esp32:xtensa-esp32s3-elf-gcc@esp-2021r2-patch5-8.4.0"
time="2024-09-07T20:58:01+05:30" level=info msg="Installing platform" platform="arduino:esp32@2.0.13"
2024-09-07 20:58:02 2024-09-07T15:28:02.437Z daemon INFO time="2024-09-07T20:58:02+05:30" level=info msg="Running post_install script" platform="arduino:esp32@2.0.13"
time="2024-09-07T20:58:02+05:30" level=info msg="Platform installed" platform="arduino:esp32@2.0.13"
2024-09-07 20:58:02 2024-09-07T15:28:02.446Z daemon INFO time="2024-09-07T20:58:02+05:30" level=info msg="Checking signature" index=/home/us3r/.arduino15/package_index.json signatureFile=/home/us3r/.arduino15/package_index.json.sig trusted=true
2024-09-07 20:58:02 2024-09-07T15:28:02.446Z daemon INFO time="2024-09-07T20:58:02+05:30" level=info msg="Loading hardware from: /home/us3r/.arduino15/packages"
2024-09-07 20:58:02 2024-09-07T15:28:02.446Z daemon INFO time="2024-09-07T20:58:02+05:30" level=info msg="Loading package arduino from: /home/us3r/.arduino15/packages/arduino/hardware"
2024-09-07 20:58:02 2024-09-07T15:28:02.447Z daemon INFO time="2024-09-07T20:58:02+05:30" level=info msg="Missing signature file" index=/home/us3r/.arduino15/packages/arduino/hardware/avr/1.8.6/installed.json
2024-09-07 20:58:02 2024-09-07T15:28:02.447Z daemon INFO time="2024-09-07T20:58:02+05:30" level=info msg="Adding monitor tool" protocol=serial tool="builtin:serial-monitor"
time="2024-09-07T20:58:02+05:30" level=info msg="Loaded platform" platform="arduino:avr@1.8.6"
2024-09-07 20:58:02 2024-09-07T15:28:02.448Z daemon INFO time="2024-09-07T20:58:02+05:30" level=info msg="Missing signature file" index=/home/us3r/.arduino15/packages/arduino/hardware/esp32/2.0.13/installed.json
2024-09-07 20:58:02 2024-09-07T15:28:02.448Z daemon INFO time="2024-09-07T20:58:02+05:30" level=info msg="Adding monitor tool" protocol=serial tool="builtin:serial-monitor"
2024-09-07 20:58:02 2024-09-07T15:28:02.448Z daemon INFO time="2024-09-07T20:58:02+05:30" level=info msg="Loaded platform" platform="arduino:esp32@2.0.13"
time="2024-09-07T20:58:02+05:30" level=info msg="Checking existence of 'tools' path: /home/us3r/.arduino15/packages/arduino/tools"
time="2024-09-07T20:58:02+05:30" level=info msg="Loading tools from dir: /home/us3r/.arduino15/packages/arduino/tools"
2024-09-07 20:58:02 2024-09-07T15:28:02.448Z daemon INFO time="2024-09-07T20:58:02+05:30" level=info msg="Loaded tool" tool="arduino:arduinoOTA@1.3.0"
2024-09-07 20:58:02 2024-09-07T15:28:02.448Z daemon INFO time="2024-09-07T20:58:02+05:30" level=info msg="Loaded tool" tool="arduino:avr-gcc@7.3.0-atmel3.6.1-arduino7"
time="2024-09-07T20:58:02+05:30" level=info msg="Loaded tool" tool="arduino:avrdude@6.3.0-arduino17"
2024-09-07 20:58:02 2024-09-07T15:28:02.448Z daemon INFO time="2024-09-07T20:58:02+05:30" level=info msg="Loaded tool" tool="arduino:dfu-util@0.11.0-arduino5"
2024-09-07 20:58:02 2024-09-07T15:28:02.448Z daemon INFO time="2024-09-07T20:58:02+05:30" level=info msg="Loading package builtin from: /home/us3r/.arduino15/packages/builtin"
2024-09-07 20:58:02 2024-09-07T15:28:02.448Z daemon INFO time="2024-09-07T20:58:02+05:30" level=info msg="Checking existence of 'tools' path: /home/us3r/.arduino15/packages/builtin/tools"
time="2024-09-07T20:58:02+05:30" level=info msg="Loading tools from dir: /home/us3r/.arduino15/packages/builtin/tools"
2024-09-07 20:58:02 2024-09-07T15:28:02.448Z daemon INFO time="2024-09-07T20:58:02+05:30" level=info msg="Loaded tool" tool="builtin:ctags@5.8-arduino11"
2024-09-07 20:58:02 2024-09-07T15:28:02.448Z daemon INFO time="2024-09-07T20:58:02+05:30" level=info msg="Loaded tool" tool="builtin:dfu-discovery@0.1.2"
2024-09-07 20:58:02 2024-09-07T15:28:02.448Z daemon INFO time="2024-09-07T20:58:02+05:30" level=info msg="Loaded tool" tool="builtin:mdns-discovery@1.0.9"
2024-09-07 20:58:02 2024-09-07T15:28:02.448Z daemon INFO time="2024-09-07T20:58:02+05:30" level=info msg="Loaded tool" tool="builtin:serial-discovery@1.4.1"
2024-09-07 20:58:02 2024-09-07T15:28:02.448Z daemon INFO time="2024-09-07T20:58:02+05:30" level=info msg="Loaded tool" tool="builtin:serial-monitor@0.14.1"
time="2024-09-07T20:58:02+05:30" level=info msg="Loading package esp32 from: /home/us3r/.arduino15/packages/esp32"
2024-09-07 20:58:02 2024-09-07T15:28:02.448Z daemon INFO time="2024-09-07T20:58:02+05:30" level=info msg="Checking existence of 'tools' path: /home/us3r/.arduino15/packages/esp32/tools"
time="2024-09-07T20:58:02+05:30" level=info msg="Loading tools from dir: /home/us3r/.arduino15/packages/esp32/tools"
2024-09-07 20:58:02 2024-09-07T15:28:02.448Z daemon INFO time="2024-09-07T20:58:02+05:30" level=info msg="Loaded tool" tool="esp32:esptool_py@4.5.1"
2024-09-07 20:58:02 2024-09-07T15:28:02.448Z daemon INFO time="2024-09-07T20:58:02+05:30" level=info msg="Loaded tool" tool="esp32:mklittlefs@3.0.0-gnu12-dc7f933"
2024-09-07 20:58:02 2024-09-07T15:28:02.448Z daemon INFO time="2024-09-07T20:58:02+05:30" level=info msg="Loaded tool" tool="esp32:mkspiffs@0.2.3"
time="2024-09-07T20:58:02+05:30" level=info msg="Loaded tool" tool="esp32:openocd-esp32@v0.11.0-esp32-20221026"
2024-09-07 20:58:02 2024-09-07T15:28:02.448Z daemon INFO time="2024-09-07T20:58:02+05:30" level=info msg="Loaded tool" tool="esp32:xtensa-esp-elf-gdb@11.2_20220823"
2024-09-07 20:58:02 2024-09-07T15:28:02.448Z daemon INFO time="2024-09-07T20:58:02+05:30" level=info msg="Loaded tool" tool="esp32:xtensa-esp32s3-elf-gcc@esp-2021r2-patch5-8.4.0"
2024-09-07 20:58:02 2024-09-07T15:28:02.448Z daemon INFO time="2024-09-07T20:58:02+05:30" level=info msg="sending command QUIT to discovery builtin:serial-discovery"
2024-09-07 20:58:02 2024-09-07T15:28:02.449Z daemon INFO time="2024-09-07T20:58:02+05:30" level=info msg="from discovery builtin:serial-discovery received message type: quit, message: OK"
2024-09-07 20:58:02 2024-09-07T15:28:02.449Z daemon INFO time="2024-09-07T20:58:02+05:30" level=info msg="killing discovery builtin:serial-discovery process"
2024-09-07 20:58:02 2024-09-07T15:28:02.449Z daemon INFO time="2024-09-07T20:58:02+05:30" level=error msg="stopped discovery builtin:serial-discovery decode loop: read |0: file already closed"
2024-09-07 20:58:02 2024-09-07T15:28:02.449Z daemon INFO time="2024-09-07T20:58:02+05:30" level=info msg="Discovery event channel closed builtin:serial-discovery. Exiting goroutine."
time="2024-09-07T20:58:02+05:30" level=info msg="killed discovery builtin:serial-discovery process"
2024-09-07 20:58:02 2024-09-07T15:28:02.449Z daemon INFO time="2024-09-07T20:58:02+05:30" level=info msg="Closed and removed discovery builtin:serial-discovery"
time="2024-09-07T20:58:02+05:30" level=info msg="sending command QUIT to discovery builtin:mdns-discovery"
2024-09-07 20:58:02 2024-09-07T15:28:02.449Z daemon INFO time="2024-09-07T20:58:02+05:30" level=info msg="from discovery builtin:mdns-discovery received message type: quit, message: OK"
time="2024-09-07T20:58:02+05:30" level=info msg="killing discovery builtin:mdns-discovery process"
2024-09-07 20:58:02 2024-09-07T15:28:02.449Z daemon INFO time="2024-09-07T20:58:02+05:30" level=info msg="Discovery event channel closed builtin:mdns-discovery. Exiting goroutine."
2024-09-07 20:58:02 2024-09-07T15:28:02.449Z daemon INFO time="2024-09-07T20:58:02+05:30" level=info msg="killed discovery builtin:mdns-discovery process"
time="2024-09-07T20:58:02+05:30" level=info msg="Closed and removed discovery builtin:mdns-discovery"
2024-09-07 20:58:02 2024-09-07T15:28:02.449Z daemon INFO time="2024-09-07T20:58:02+05:30" level=info msg="starting discovery builtin:serial-discovery process"
2024-09-07 20:58:02 2024-09-07T15:28:02.449Z daemon INFO time="2024-09-07T20:58:02+05:30" level=info msg="started discovery builtin:serial-discovery process"
time="2024-09-07T20:58:02+05:30" level=info msg="sending command HELLO 1 \"arduino-cli 0.35.3\" to discovery builtin:serial-discovery"
2024-09-07 20:58:02 2024-09-07T15:28:02.450Z daemon INFO time="2024-09-07T20:58:02+05:30" level=info msg="from discovery builtin:serial-discovery received message type: hello, message: OK, protocol version: 1"
time="2024-09-07T20:58:02+05:30" level=info msg="sending command START_SYNC to discovery builtin:serial-discovery"
2024-09-07 20:58:02 2024-09-07T15:28:02.451Z daemon INFO time="2024-09-07T20:58:02+05:30" level=info msg="from discovery builtin:serial-discovery received message type: start_sync, message: OK"
time="2024-09-07T20:58:02+05:30" level=info msg="starting discovery builtin:mdns-discovery process"
2024-09-07 20:58:02 2024-09-07T15:28:02.451Z daemon INFO time="2024-09-07T20:58:02+05:30" level=info msg="started discovery builtin:mdns-discovery process"
2024-09-07 20:58:02 2024-09-07T15:28:02.451Z daemon INFO time="2024-09-07T20:58:02+05:30" level=info msg="sending command HELLO 1 \"arduino-cli 0.35.3\" to discovery builtin:mdns-discovery"
2024-09-07 20:58:02 2024-09-07T15:28:02.452Z daemon INFO time="2024-09-07T20:58:02+05:30" level=info msg="from discovery builtin:mdns-discovery received message type: hello, message: OK, protocol version: 1"
2024-09-07 20:58:02 2024-09-07T15:28:02.453Z daemon INFO time="2024-09-07T20:58:02+05:30" level=info msg="sending command START_SYNC to discovery builtin:mdns-discovery"
time="2024-09-07T20:58:02+05:30" level=info msg="from discovery builtin:mdns-discovery received message type: start_sync, message: OK"
2024-09-07 20:58:02 2024-09-07T15:28:02.453Z daemon INFO time="2024-09-07T20:58:02+05:30" level=info msg="starting discovery builtin:dfu-discovery process"
2024-09-07 20:58:02 2024-09-07T15:28:02.453Z daemon INFO time="2024-09-07T20:58:02+05:30" level=info msg="started discovery builtin:dfu-discovery process"
time="2024-09-07T20:58:02+05:30" level=info msg="sending command HELLO 1 \"arduino-cli 0.35.3\" to discovery builtin:dfu-discovery"
2024-09-07 20:58:02 2024-09-07T15:28:02.454Z daemon INFO time="2024-09-07T20:58:02+05:30" level=info msg="from discovery builtin:dfu-discovery received message type: hello, message: OK, protocol version: 1"
time="2024-09-07T20:58:02+05:30" level=info msg="sending command START_SYNC to discovery builtin:dfu-discovery"
2024-09-07 20:58:02 2024-09-07T15:28:02.454Z daemon INFO time="2024-09-07T20:58:02+05:30" level=info msg="from discovery builtin:dfu-discovery received message type: start_sync, message: OK"
2024-09-07 20:58:02 2024-09-07T15:28:02.455Z daemon INFO time="2024-09-07T20:58:02+05:30" level=info msg="Adding libraries dir" dir=/home/us3r/.arduino15/packages/arduino/hardware/esp32/2.0.13/libraries location=platform
2024-09-07 20:58:02 2024-09-07T15:28:02.455Z daemon INFO time="2024-09-07T20:58:02+05:30" level=info msg="Adding libraries dir" dir=/home/us3r/.arduino15/packages/arduino/hardware/avr/1.8.6/libraries location=platform
2024-09-07 20:58:02 2024-09-07T15:28:02.455Z daemon INFO time="2024-09-07T20:58:02+05:30" level=info msg="Loading libraries index file" index=/home/us3r/.arduino15/library_index.json
2024-09-07 20:58:02 2024-09-07T15:28:02.579Z daemon INFO time="2024-09-07T20:58:02+05:30" level=info msg="Adding libraries dir" dir=/home/us3r/.arduino15/libraries location=ide
time="2024-09-07T20:58:02+05:30" level=info msg="Adding libraries dir" dir=/home/us3r/Arduino/libraries location=user
2024-09-07 20:58:02 2024-09-07T15:28:02.586Z discovery-log INFO start
2024-09-07 20:58:02 2024-09-07T15:28:02.586Z discovery-log INFO start new deferred
2024-09-07 20:58:02 2024-09-07T15:28:02.586Z discovery-log INFO start resolved watching
2024-09-07 20:58:02 2024-09-07T15:28:02.596Z root INFO <<< Boards package installation done. {
  id: 'arduino:esp32',
  name: 'Arduino ESP32 Boards',
  author: 'Arduino',
  availableVersions: [ '2.0.13', '2.0.12', '2.0.11', '2.0.10' ],
  description: 'Arduino Nano ESP32',
  types: [ 'ESP32' ],
  deprecated: false,
  summary: 'Boards included in this package:',
  installedVersion: undefined,
  boards: [ { name: 'Arduino Nano ESP32', fqbn: '' } ],
  moreInfoLink: 'http://www.arduino.cc/',
  index: 1
}
2024-09-07 20:58:26 isTempSketch: true. Input was /tmp/.arduinoIDE-unsaved202487-13610-adiow3.bza1m/sketch_sep7a
2024-09-07 20:58:26 Ignored marking workspace as a closed sketch. The sketch was detected as temporary. Workspace URI: file:///tmp/.arduinoIDE-unsaved202487-13610-adiow3.bza1m/sketch_sep7a.
2024-09-07 20:58:26 isTempSketch: true. Input was /tmp/.arduinoIDE-unsaved202487-13610-adiow3.bza1m/sketch_sep7a
2024-09-07 20:58:26 Ignored marking workspace as a closed sketch. The sketch was detected as temporary. Workspace URI: file:///tmp/.arduinoIDE-unsaved202487-13610-adiow3.bza1m/sketch_sep7a.
2024-09-07 20:58:26 Closing channel on service path '/services/electron-window'.
2024-09-07 20:58:26 Closing channel on service path '/services/ide-updater'.
2024-09-07 20:58:26 Stored workspaces roots: 
2024-09-07 20:58:26 No sketches were scheduled for deletion.
